<?xml version="1.0" encoding="UTF-8"?>
<!-- Generated by org.testng.reporters.JUnitXMLReporter -->
<testsuite ignored="1" hostname="LAPTOP-MDM1H7HV" failures="2" tests="12" name="Command line test" time="60.115" errors="0" timestamp="2020-08-03T20:51:06 ART">
  <testcase classname="myTests.TestAsserts" name="isEqual" time="0.006"/>
  <testcase classname="myTests.TestAsserts" name="isEqualN" time="0.0"/>
  <testcase classname="myTests.TestAsserts" name="isFalse" time="0.0"/>
  <testcase classname="myTests.TestAsserts" name="isNotEqual" time="0.001"/>
  <testcase classname="myTests.TestAsserts" name="isNotNull" time="0.0"/>
  <testcase classname="myTests.TestAsserts" name="isNull" time="0.0"/>
  <testcase classname="myTests.TestAsserts" name="isTrue" time="0.0"/>
  <testcase classname="myTests.TestAsserts" name="softAsserts" time="0.003">
    <failure type="java.lang.AssertionError" message="The following asserts failed:
	Need to see this expected [2] but found [1]">
      <![CDATA[java.lang.AssertionError: The following asserts failed:
Need to see this expected [2] but found [1]
at myTests.TestAsserts.softAsserts(TestAsserts.java:54)
at java.base/java.util.ArrayList.forEach(ArrayList.java:1507)
... Removed 39 stack frames]]>
    </failure>
  </testcase> <!-- softAsserts -->
  <testcase classname="myTests.TestSearch" name="clickCheckBoxes" time="5.511"/>
  <testcase classname="myTests.TestSearch" name="searchDresses" time="1.326"/>
  <testcase classname="myTests.TestSearch" name="searchTSHIRTS" time="1.376">
    <failure type="java.lang.AssertionError" message="expected [&amp;quot;El Payaso Plim Plim&amp;quot;] but found [&amp;quot;T-SHIRTS&amp;quot;]">
      <![CDATA[java.lang.AssertionError: expected ["El Payaso Plim Plim"] but found ["T-SHIRTS"]
at myTests.TestSearch.searchTSHIRTS(TestSearch.java:21)
at java.base/java.util.ArrayList.forEach(ArrayList.java:1507)
... Removed 42 stack frames]]>
    </failure>
  </testcase> <!-- searchTSHIRTS -->
  <testcase classname="myTests.TestSelectOrder" name="selectByVisibleText" time="14.238"/>
  <testcase classname="myTests.TestSearch" name="searchNoResult" time="0.0">
    <ignored/>
  </testcase> <!-- searchNoResult -->
</testsuite> <!-- Command line test -->
