<!DOCTYPE html PUBLIC "-//W3C//DTD XHTML 1.1//EN" "http://www.w3.org/TR/xhtml11/DTD/xhtml11.dtd">
<html xmlns="http://www.w3.org/1999/xhtml">
<head>
<meta http-equiv="content-type" content="text/html; charset=UTF-8"/>
<title>TestNG Report</title>
<style type="text/css">table {margin-bottom:10px;border-collapse:collapse;empty-cells:show}th,td {border:1px solid #009;padding:.25em .5em}th {vertical-align:bottom}td {vertical-align:top}table a {font-weight:bold}.stripe td {background-color: #E6EBF9}.num {text-align:right}.passedodd td {background-color: #3F3}.passedeven td {background-color: #0A0}.skippedodd td {background-color: #DDD}.skippedeven td {background-color: #CCC}.failedodd td,.attn {background-color: #F33}.failedeven td,.stripe .attn {background-color: #D00}.stacktrace {white-space:pre;font-family:monospace}.totop {font-size:85%;text-align:center;border-bottom:2px solid #000}.invisible {display:none}</style>
</head>
<body>
<table>
<tr><th>Test</th><th># Passed</th><th># Skipped</th><th># Retried</th><th># Failed</th><th>Time (ms)</th><th>Included Groups</th><th>Excluded Groups</th></tr>
<tr><th colspan="8">Command line suite</th></tr>
<tr><td><a href="#t0">Command line test</a></td><td class="num">10</td><td class="num">0</td><td class="num">0</td><td class="num attn">2</td><td class="num">60.115</td><td></td><td></td></tr>
</table>
<table id='summary'><thead><tr><th>Class</th><th>Method</th><th>Start</th><th>Time (ms)</th></tr></thead><tbody><tr><th colspan="4">Command line suite</th></tr></tbody><tbody id="t0"><tr><th colspan="4">Command line test &#8212; failed</th></tr><tr class="failedeven"><td rowspan="1">myTests.TestAsserts</td><td><a href="#m0">softAsserts</a></td><td rowspan="1">1596498606489</td><td rowspan="1">3</td></tr><tr class="failedodd"><td rowspan="1">myTests.TestSearch</td><td><a href="#m1">searchTSHIRTS</a></td><td rowspan="1">1596498640560</td><td rowspan="1">1376</td></tr><tr><th colspan="4">Command line test &#8212; passed</th></tr><tr class="passedeven"><td rowspan="7">myTests.TestAsserts</td><td><a href="#m2">isEqual</a></td><td rowspan="1">1596498606476</td><td rowspan="1">6</td></tr><tr class="passedeven"><td><a href="#m3">isEqualN</a></td><td rowspan="1">1596498606485</td><td rowspan="1">0</td></tr><tr class="passedeven"><td><a href="#m4">isFalse</a></td><td rowspan="1">1596498606486</td><td rowspan="1">0</td></tr><tr class="passedeven"><td><a href="#m5">isNotEqual</a></td><td rowspan="1">1596498606486</td><td rowspan="1">1</td></tr><tr class="passedeven"><td><a href="#m6">isNotNull</a></td><td rowspan="1">1596498606488</td><td rowspan="1">0</td></tr><tr class="passedeven"><td><a href="#m7">isNull</a></td><td rowspan="1">1596498606488</td><td rowspan="1">0</td></tr><tr class="passedeven"><td><a href="#m8">isTrue</a></td><td rowspan="1">1596498606489</td><td rowspan="1">0</td></tr><tr class="passedodd"><td rowspan="2">myTests.TestSearch</td><td><a href="#m9">clickCheckBoxes</a></td><td rowspan="1">1596498616079</td><td rowspan="1">5511</td></tr><tr class="passedodd"><td><a href="#m10">searchDresses</a></td><td rowspan="1">1596498629818</td><td rowspan="1">1326</td></tr><tr class="passedeven"><td rowspan="1">myTests.TestSelectOrder</td><td><a href="#m11">selectByVisibleText</a></td><td rowspan="1">1596498651696</td><td rowspan="1">14238</td></tr></tbody>
</table>
<h2>Command line test</h2><h3 id="m0">myTests.TestAsserts#softAsserts</h3><table class="result"><tr><th>Exception</th></tr><tr><td><div class="stacktrace">java.lang.AssertionError: The following asserts failed:
	Need to see this expected [2] but found [1]
	at myTests.TestAsserts.softAsserts(TestAsserts.java:54)
	at java.base/java.util.ArrayList.forEach(ArrayList.java:1507)
... Removed 39 stack frames</div></td></tr></table><p class="totop"><a href="#summary">back to summary</a></p>
<h3 id="m1">myTests.TestSearch#searchTSHIRTS</h3><table class="result"><tr><th>Exception</th></tr><tr><td><div class="stacktrace">java.lang.AssertionError: expected [&quot;El Payaso Plim Plim&quot;] but found [&quot;T-SHIRTS&quot;]
	at myTests.TestSearch.searchTSHIRTS(TestSearch.java:21)
	at java.base/java.util.ArrayList.forEach(ArrayList.java:1507)
... Removed 42 stack frames</div></td></tr></table><p class="totop"><a href="#summary">back to summary</a></p>
<h3 id="m2">myTests.TestAsserts#isEqual</h3><table class="result"><tr><th class="invisible"/></tr></table><p class="totop"><a href="#summary">back to summary</a></p>
<h3 id="m3">myTests.TestAsserts#isEqualN</h3><table class="result"><tr><th class="invisible"/></tr></table><p class="totop"><a href="#summary">back to summary</a></p>
<h3 id="m4">myTests.TestAsserts#isFalse</h3><table class="result"><tr><th class="invisible"/></tr></table><p class="totop"><a href="#summary">back to summary</a></p>
<h3 id="m5">myTests.TestAsserts#isNotEqual</h3><table class="result"><tr><th class="invisible"/></tr></table><p class="totop"><a href="#summary">back to summary</a></p>
<h3 id="m6">myTests.TestAsserts#isNotNull</h3><table class="result"><tr><th class="invisible"/></tr></table><p class="totop"><a href="#summary">back to summary</a></p>
<h3 id="m7">myTests.TestAsserts#isNull</h3><table class="result"><tr><th class="invisible"/></tr></table><p class="totop"><a href="#summary">back to summary</a></p>
<h3 id="m8">myTests.TestAsserts#isTrue</h3><table class="result"><tr><th class="invisible"/></tr></table><p class="totop"><a href="#summary">back to summary</a></p>
<h3 id="m9">myTests.TestSearch#clickCheckBoxes</h3><table class="result"><tr><th class="invisible"/></tr></table><p class="totop"><a href="#summary">back to summary</a></p>
<h3 id="m10">myTests.TestSearch#searchDresses</h3><table class="result"><tr><th class="invisible"/></tr></table><p class="totop"><a href="#summary">back to summary</a></p>
<h3 id="m11">myTests.TestSelectOrder#selectByVisibleText</h3><table class="result"><tr><th class="invisible"/></tr></table><p class="totop"><a href="#summary">back to summary</a></p>
</body>
</html>
